0 info it worked if it ends with ok
1 verbose cli [ '/usr/local/bin/node', '/usr/local/bin/npm', 'publish' ]
2 info using npm@3.5.2
3 info using node@v5.2.0
4 verbose publish [ '.' ]
5 silly cache add args [ '.', null ]
6 verbose cache add spec .
7 silly cache add parsed spec Result {
7 silly cache add   raw: '.',
7 silly cache add   scope: null,
7 silly cache add   name: null,
7 silly cache add   rawSpec: '.',
7 silly cache add   spec: '/Users/andycall/baiduYun/Baidu/awesome/lib/mobile/chat-box',
7 silly cache add   type: 'directory' }
8 verbose addLocalDirectory /Users/andycall/.npm/fiten-chat-box/1.0.47/package.tgz not in flight; packing
9 info lifecycle fiten-chat-box@1.0.47~prepublish: fiten-chat-box@1.0.47
10 silly lifecycle fiten-chat-box@1.0.47~prepublish: no script for prepublish, continuing
11 verbose tar pack [ '/Users/andycall/.npm/fiten-chat-box/1.0.47/package.tgz',
11 verbose tar pack   '/Users/andycall/baiduYun/Baidu/awesome/lib/mobile/chat-box' ]
12 verbose tarball /Users/andycall/.npm/fiten-chat-box/1.0.47/package.tgz
13 verbose folder /Users/andycall/baiduYun/Baidu/awesome/lib/mobile/chat-box
14 verbose addLocalTarball adding from inside cache /Users/andycall/.npm/fiten-chat-box/1.0.47/package.tgz
15 silly cache afterAdd fiten-chat-box@1.0.47
16 verbose afterAdd /Users/andycall/.npm/fiten-chat-box/1.0.47/package/package.json not in flight; writing
17 verbose afterAdd /Users/andycall/.npm/fiten-chat-box/1.0.47/package/package.json written
18 silly publish { name: 'fiten-chat-box',
18 silly publish   version: '1.0.47',
18 silly publish   description: '聊天盒子',
18 silly publish   main: 'lib/index.js',
18 silly publish   scripts: { test: 'echo "Error: no test specified" && exit 1' },
18 silly publish   repository:
18 silly publish    { type: 'git',
18 silly publish      url: 'ssh://g@gitlab.baidu.com:8022/tb-component/mobile-chat-box.git' },
18 silly publish   author: { name: 'huangziyi01' },
18 silly publish   license: 'ISC',
18 silly publish   dependencies:
18 silly publish    { react: '^0.14.7',
18 silly publish      'react-dom': '^0.14.7',
18 silly publish      classnames: '^2.2.1',
18 silly publish      jquery: '~2.1.3',
18 silly publish      'react-list': '^0.7.14',
18 silly publish      'react-tappable': '^0.8.0',
18 silly publish      lodash: '^3.10.1' },
18 silly publish   readme: '# 聊天盒子\n\n---\n\n````jsx\nnpm install fiten-chat-box /* or */ fis3 install fiten-chat-box\n````',
18 silly publish   readmeFilename: 'readme.md',
18 silly publish   gitHead: 'c78e1b66181e10476da8f8054c4f73e56088640c',
18 silly publish   _id: 'fiten-chat-box@1.0.47',
18 silly publish   _shasum: '2308da72ec90aa6492f32330c4d3f0859fcf3a5e',
18 silly publish   _from: '.' }
19 verbose getPublishConfig undefined
20 silly mapToRegistry name fiten-chat-box
21 silly mapToRegistry using default registry
22 silly mapToRegistry registry https://registry.npmjs.org/
23 silly mapToRegistry uri https://registry.npmjs.org/fiten-chat-box
24 verbose publish registryBase https://registry.npmjs.org/
25 silly publish uploading /Users/andycall/.npm/fiten-chat-box/1.0.47/package.tgz
26 verbose request uri https://registry.npmjs.org/fiten-chat-box
27 verbose request sending authorization for write operation
28 info attempt registry request try #1 at 2:34:27 PM
29 verbose request using bearer token for auth
30 verbose request id 8a42a2b8a8d908e8
31 http request PUT https://registry.npmjs.org/fiten-chat-box
32 http 403 https://registry.npmjs.org/fiten-chat-box
33 verbose headers { 'content-type': 'application/json',
33 verbose headers   'cache-control': 'max-age=300',
33 verbose headers   'content-length': '96',
33 verbose headers   'accept-ranges': 'bytes',
33 verbose headers   date: 'Mon, 14 Mar 2016 06:34:28 GMT',
33 verbose headers   via: '1.1 varnish',
33 verbose headers   connection: 'keep-alive',
33 verbose headers   'x-served-by': 'cache-nrt6132-NRT',
33 verbose headers   'x-cache': 'MISS',
33 verbose headers   'x-cache-hits': '0',
33 verbose headers   'x-timer': 'S1457937268.128759,VS0,VE506' }
34 verbose request invalidating /Users/andycall/.npm/registry.npmjs.org/fiten-chat-box on PUT
35 error publish Failed PUT 403
36 verbose stack Error: "You cannot publish over the previously published version 1.0.47." : fiten-chat-box
36 verbose stack     at makeError (/usr/local/lib/node_modules/npm/node_modules/npm-registry-client/lib/request.js:264:12)
36 verbose stack     at CachingRegistryClient.<anonymous> (/usr/local/lib/node_modules/npm/node_modules/npm-registry-client/lib/request.js:252:14)
36 verbose stack     at Request._callback (/usr/local/lib/node_modules/npm/node_modules/npm-registry-client/lib/request.js:172:14)
36 verbose stack     at Request.self.callback (/usr/local/lib/node_modules/npm/node_modules/request/request.js:198:22)
36 verbose stack     at emitTwo (events.js:88:13)
36 verbose stack     at Request.emit (events.js:173:7)
36 verbose stack     at Request.<anonymous> (/usr/local/lib/node_modules/npm/node_modules/request/request.js:1082:10)
36 verbose stack     at emitOne (events.js:83:20)
36 verbose stack     at Request.emit (events.js:170:7)
36 verbose stack     at IncomingMessage.<anonymous> (/usr/local/lib/node_modules/npm/node_modules/request/request.js:1009:12)
37 verbose statusCode 403
38 verbose pkgid fiten-chat-box
39 verbose cwd /Users/andycall/baiduYun/Baidu/awesome/lib/mobile/chat-box
40 error Darwin 15.3.0
41 error argv "/usr/local/bin/node" "/usr/local/bin/npm" "publish"
42 error node v5.2.0
43 error npm  v3.5.2
44 error code E403
45 error "You cannot publish over the previously published version 1.0.47." : fiten-chat-box
46 error If you need help, you may report this error at:
46 error     <https://github.com/npm/npm/issues>
47 verbose exit [ 1, true ]
